2025-12-26 21:59:17,970 [      8]   INFO - #c.i.i.AppStarter - ------------------------------------------------------ IDE STARTED ------------------------------------------------------
2025-12-26 21:59:18,397 [    435]   INFO - #c.i.u.EnvironmentUtil - loading shell env: /bin/zsh -l -i -c '/Users/mac/.gradle/caches/modules-2/files-2.1/com.jetbrains.intellij.idea/ideaIC/2023.2.1/b51a90b0b585e631c033896a64083d706ed6d71d/ideaIC-2023.2.1/bin/printenv' > '/var/folders/jz/ymp5gycx373dbrck1ksn73b40000gn/T/ij-env-tmp-dir1240975140078686597/ij-shell-env-data.tmp'
2025-12-26 21:59:18,830 [    868]   INFO - #c.i.i.p.PluginManager - Plugin PluginDescriptor(name=Groovy, id=org.intellij.groovy, descriptorPath=plugin.xml, path=~/.gradle/caches/modules-2/files-2.1/com.jetbrains.intellij.idea/ideaIC/2023.2.1/b51a90b0b585e631c033896a64083d706ed6d71d/ideaIC-2023.2.1/plugins/Groovy, version=232.9559.62, package=org.jetbrains.plugins.groovy, isBundled=true) misses optional descriptor duplicates-groovy.xml
2025-12-26 21:59:18,834 [    872]   INFO - #c.i.i.p.PluginManager - Plugin PluginDescriptor(name=Groovy, id=org.intellij.groovy, descriptorPath=plugin.xml, path=~/.gradle/caches/modules-2/files-2.1/com.jetbrains.intellij.idea/ideaIC/2023.2.1/b51a90b0b585e631c033896a64083d706ed6d71d/ideaIC-2023.2.1/plugins/Groovy, version=232.9559.62, package=org.jetbrains.plugins.groovy, isBundled=true) misses optional descriptor duplicates-detection-groovy.xml
2025-12-26 21:59:19,678 [   1716]   INFO - #c.i.i.p.PluginManager - Module intellij.sh.python is not enabled because dependency com.intellij.modules.python is not available
Module intellij.space.gateway is not enabled because dependency com.jetbrains.gateway is not available
Module intellij.space.php is not enabled because dependency com.jetbrains.php is not available
Module intellij.space.index is not enabled because dependency intellij.indexing.shared is not available
Module intellij.qodana.jvm.swagger is not enabled because dependency com.intellij.swagger is not available
Module intellij.qodana.php is not enabled because dependency com.jetbrains.php is not available
Module intellij.qodana.js is not enabled because dependency JavaScript is not available
2025-12-26 21:59:19,773 [   1811]   INFO - #c.i.i.p.PluginManager - Loaded bundled plugins: Toml (232.9559.62), Projector Libraries for Code With Me and Remote Development (232.9559.62), Emoji Picker (232.9559.62), WebP Support (232.9559.62), Shared Indexes (232.9559.62), Machine Learning in Search Everywhere (232.9559.62), JUnit (232.9559.62), Markdown (232.9559.62), Perforce Helix Core (232.9559.62), Java Stream Debugger (232.9559.62), Eclipse Interoperability (232.9559.62), HTML Tools (232.9559.62), Properties (232.9559.62), Java Bytecode Decompiler (232.9559.62), Bytecode Viewer (232.9559.62), Maven (232.9559.62), GitHub (232.9559.62), XPathView + XSLT (232.9559.62), Gradle (232.9559.62), Terminal (232.9559.62), GitLab (232.9559.62), Eclipse Keymap (232.9559.62), UI Designer (232.9559.62), Git (232.9559.62), YAML (232.9559.62), Shell Script (232.9559.62), Settings Sync (232.9559.62), IntelliLang (232.9559.62), Package Checker (232.9559.62), JetBrains maven model api classes (232.9559.62), Code With Me (232.9559.62), Gradle Dependency Updater Implementation (232.9559.62), Async Profiler for IDE Performance Testing (232.9559.62), Gradle DSL API (232.9559.62), EditorConfig (232.9559.62), Space (232.9559.62), Android (2022.3.1 Final.232.9559.62), Code Coverage for Java (232.9559.62), com.intellij.tracing.ide (232.9559.62), JavaFX (232.9559.62), Copyright (232.9559.62), IDE Features Trainer (232.9559.62), Configuration Script (232.9559.62), Task Management (232.9559.62), IDEA CORE (232.9559.62), Android Design Tools (232.9559.62), NetBeans Keymap (232.9559.62), com.intellij.dev (232.9559.62), Groovy (232.9559.62), TestNG (232.9559.62), Gradle-Java (232.9559.62), Gradle-Maven (232.9559.62), TextMate Bundles (232.9559.62), Plugin DevKit (232.9559.62), Machine Learning Code Completion (232.9559.62), Java (232.9559.62), Java IDE Customization (232.9559.62), Ant (232.9559.62), Grazie Lite (232.9559.62), Maven server api classes (232.9559.62), Subversion (232.9559.62), Gradle-Java-Analysis (232.9559.62), Kotlin (232-1.9.0-IJ9559.62), JetBrains Marketplace Licensing (232.9559.62), JetBrains Repository Search (232.9559.62), Performance Testing (232.9559.62), Java Internationalization (232.9559.62), Mercurial (232.9559.62), Visual Studio Keymap (232.9559.62), Qodana (232.9559.62), Images (232.9559.62)
2025-12-26 21:59:19,775 [   1813]   INFO - #c.i.i.p.PluginManager - Loaded custom plugins: Vestige - Temporal Code Intelligence (1.0.0)
2025-12-26 21:59:21,154 [   3192]   INFO - #c.i.a.o.PathMacrosImpl - Loaded path macros: {MAVEN_REPOSITORY=/Users/mac/.m2/repository}
2025-12-26 21:59:21,616 [   3654]   INFO - #c.i.u.i.PageCacheUtils - File page caching params:
2025-12-26 21:59:21,617 [   3655]   INFO - #c.i.u.i.PageCacheUtils - 	DEFAULT_PAGE_SIZE:10485760
2025-12-26 21:59:21,619 [   3657]   INFO - #c.i.u.i.PageCacheUtils - 	FilePageCache: regular
2025-12-26 21:59:21,620 [   3658]   INFO - #c.i.u.i.PageCacheUtils - 	DirectByteBuffers pool: 104857600 bytes
2025-12-26 21:59:24,969 [   7007]   INFO - #c.i.i.AppStarter - JNA library (64-bit) loaded in 6641 ms
2025-12-26 21:59:25,386 [   7424]   INFO - #c.i.o.v.n.p.PersistentFSConnector - VFS uses strict names enumerator
2025-12-26 21:59:25,750 [   7788]   INFO - #c.i.o.v.n.p.PersistentFSConnector - VFS uses new (streamlined) attributes storage
2025-12-26 21:59:25,927 [   7965]   INFO - #c.i.i.p.ExpiredPluginsState - Plugins to skip: []
2025-12-26 21:59:26,542 [   8580]   INFO - #c.i.i.AppStarter - IDE: IntelliJ IDEA (build #IC-232.9559.62, 23 Aug 2023 06:01)
2025-12-26 21:59:26,546 [   8584]   INFO - #c.i.i.AppStarter - OS: Mac OS X (12.7.6)
2025-12-26 21:59:26,548 [   8586]   INFO - #c.i.i.AppStarter - JRE: 17.0.16+8-LTS, x86_64 (Microsoft)
2025-12-26 21:59:26,549 [   8587]   INFO - #c.i.i.AppStarter - JVM: 17.0.16+8-LTS (OpenJDK 64-Bit Server VM)
2025-12-26 21:59:26,678 [   8716]   INFO - #c.i.i.AppStarter - PID: 3334
2025-12-26 21:59:26,694 [   8732]   INFO - #c.i.i.AppStarter - JVM options: [-Daether.connector.resumeDownloads=false, -Dapple.awt.application.appearance=system, -Dapple.awt.fileDialogForDirectories=true, -Dapple.laf.useScreenMenuBar=true, -Didea.auto.reload.plugins=true, -Didea.classpath.index.enabled=false, -Didea.config.path=/Users/mac/Downloads/vestige-v1/intellij/${rootProject.rootDir}/.sandbox/config, -Didea.is.internal=true, -Didea.log.path=/Users/mac/Downloads/vestige-v1/intellij/${rootProject.rootDir}/.sandbox/system/log, -Didea.paths.selector=IdeaIC2023.2, -Didea.platform.prefix=Idea, -Didea.plugin.in.sandbox.mode=true, -Didea.plugins.path=/Users/mac/Downloads/vestige-v1/intellij/${rootProject.rootDir}/.sandbox/plugins, -Didea.required.plugins.id=com.codecharlan.vestige, -Didea.smooth.progress=false, -Didea.system.path=/Users/mac/Downloads/vestige-v1/intellij/${rootProject.rootDir}/.sandbox/system, -Didea.vendor.name=JetBrains, -Djava.system.class.loader=com.intellij.util.lang.PathClassLoader, -Djbr.catch.SIGABRT=true, -Djdk.attach.allowAttachSelf=true, -Djdk.http.auth.tunneling.disabledSchemes="", -Djdk.module.illegalAccess.silent=true, -Djna.boot.library.path=/Users/mac/.gradle/caches/modules-2/files-2.1/com.jetbrains.intellij.idea/ideaIC/2023.2.1/b51a90b0b585e631c033896a64083d706ed6d71d/ideaIC-2023.2.1/lib/jna/amd64, -Djna.noclasspath=true, -Djna.nosys=true, -Dkotlinx.coroutines.debug=off, -Dpty4j.preferred.native.folder=/Users/mac/.gradle/caches/modules-2/files-2.1/com.jetbrains.intellij.idea/ideaIC/2023.2.1/b51a90b0b585e631c033896a64083d706ed6d71d/ideaIC-2023.2.1/lib/pty4j, -Dsplash=true, -Dsun.io.useCanonCaches=false, -Dsun.java2d.metal=true, -XX:ReservedCodeCacheSize=512m, -XX:+UseG1GC, -XX:SoftRefLRUPolicyMSPerMB=50, -XX:CICompilerCount=2, -XX:+HeapDumpOnOutOfMemoryError, -XX:-OmitStackTraceInFastThrow, -XX:+IgnoreUnrecognizedVMOptions, -XX:CompileCommand=exclude,com/intellij/openapi/vfs/impl/FilePartNodeRoot,trieDescend, --add-opens=java.base/java.io=ALL-UNNAMED, --add-opens=java.base/java.lang=ALL-UNNAMED, --add-opens=java.base/java.lang.ref=ALL-UNNAMED, --add-opens=java.base/java.lang.reflect=ALL-UNNAMED, --add-opens=java.base/java.net=ALL-UNNAMED, --add-opens=java.base/java.nio=ALL-UNNAMED, --add-opens=java.base/java.nio.charset=ALL-UNNAMED, --add-opens=java.base/java.text=ALL-UNNAMED, --add-opens=java.base/java.time=ALL-UNNAMED, --add-opens=java.base/java.util=ALL-UNNAMED, --add-opens=java.base/java.util.concurrent=ALL-UNNAMED, --add-opens=java.base/java.util.concurrent.atomic=ALL-UNNAMED, --add-opens=java.base/jdk.internal.vm=ALL-UNNAMED, --add-opens=java.base/sun.nio.ch=ALL-UNNAMED, --add-opens=java.base/sun.nio.fs=ALL-UNNAMED, --add-opens=java.base/sun.security.ssl=ALL-UNNAMED, --add-opens=java.base/sun.security.util=ALL-UNNAMED, --add-opens=java.base/sun.net.dns=ALL-UNNAMED, --add-opens=java.desktop/com.apple.eawt=ALL-UNNAMED, --add-opens=java.desktop/com.apple.eawt.event=ALL-UNNAMED, --add-opens=java.desktop/com.apple.laf=ALL-UNNAMED, --add-opens=java.desktop/java.awt=ALL-UNNAMED, --add-opens=java.desktop/java.awt.dnd.peer=ALL-UNNAMED, --add-opens=java.desktop/java.awt.event=ALL-UNNAMED, --add-opens=java.desktop/java.awt.image=ALL-UNNAMED, --add-opens=java.desktop/java.awt.peer=ALL-UNNAMED, --add-opens=java.desktop/java.awt.font=ALL-UNNAMED, --add-opens=java.desktop/javax.swing=ALL-UNNAMED, --add-opens=java.desktop/javax.swing.plaf.basic=ALL-UNNAMED, --add-opens=java.desktop/javax.swing.text.html=ALL-UNNAMED, --add-opens=java.desktop/sun.awt.datatransfer=ALL-UNNAMED, --add-opens=java.desktop/sun.awt.image=ALL-UNNAMED, --add-opens=java.desktop/sun.awt=ALL-UNNAMED, --add-opens=java.desktop/sun.font=ALL-UNNAMED, --add-opens=java.desktop/sun.java2d=ALL-UNNAMED, --add-opens=java.desktop/sun.lwawt=ALL-UNNAMED, --add-opens=java.desktop/sun.lwawt.macosx=ALL-UNNAMED, --add-opens=java.desktop/sun.swing=ALL-UNNAMED, --add-opens=java.desktop/com.sun.java.swing=ALL-UNNAMED, --add-opens=jdk.attach/sun.tools.attach=ALL-UNNAMED, --add-opens=jdk.compiler/com.sun.tools.javac.api=ALL-UNNAMED, --add-opens=jdk.internal.jvmstat/sun.jvmstat.monitor=ALL-UNNAMED, --add-opens=jdk.jdi/com.sun.tools.jdi=ALL-UNNAMED, -Xms128m, -Xmx2048m, -Dfile.encoding=UTF-8, -Duser.country=GB, -Duser.language=en, -Duser.variant, -ea]
2025-12-26 21:59:26,696 [   8734]   INFO - #c.i.i.AppStarter - args: traverseUI /Users/mac/Downloads/vestige-v1/intellij/build/searchableOptions true
2025-12-26 21:59:26,697 [   8735]   INFO - #c.i.i.AppStarter - library path: /Users/mac/Library/Java/Extensions:/Library/Java/Extensions:/Network/Library/Java/Extensions:/System/Library/Java/Extensions:/usr/lib/java:.
2025-12-26 21:59:26,698 [   8736]   INFO - #c.i.i.AppStarter - boot library path: /Users/mac/Library/Java/JavaVirtualMachines/ms-17.0.16/Contents/Home/lib
2025-12-26 21:59:26,955 [   8993]   INFO - #c.i.i.AppStarter - locale=en_GB JNU=UTF-8 file.encoding=UTF-8
    idea.config.path=/Users/mac/Downloads/vestige-v1/intellij/${rootProject.rootDir}/.sandbox/config
    idea.system.path=/Users/mac/Downloads/vestige-v1/intellij/${rootProject.rootDir}/.sandbox/system
    idea.plugins.path=/Users/mac/Downloads/vestige-v1/intellij/${rootProject.rootDir}/.sandbox/plugins
    idea.log.path=/Users/mac/Downloads/vestige-v1/intellij/${rootProject.rootDir}/.sandbox/system/log
2025-12-26 21:59:27,144 [   9182]   INFO - #c.i.i.AppStarter - CPU cores: 4; ForkJoinPool.commonPool: java.util.concurrent.ForkJoinPool@569f0040[Running, parallelism = 4, size = 0, active = 0, running = 0, steals = 0, tasks = 0, submissions = 0]; factory: com.intellij.concurrency.IdeaForkJoinWorkerThreadFactory@32f62cb7
2025-12-26 21:59:27,206 [   9244]   WARN - #c.i.u.n.s.ConfirmingTrustManager - Received an empty list of custom trusted root certificates from the system. Check log above for possible errors, enable debug logging in category 'org.jetbrains.nativecerts' for more information
2025-12-26 21:59:27,220 [   9258]   INFO - #c.i.u.n.s.CertificateManager - Default SSL context initialized
2025-12-26 21:59:27,301 [   9339]   INFO - #o.j.i.BuiltInServerManager - built-in server started, port 63343
2025-12-26 21:59:27,667 [   9705]   INFO - #c.i.o.v.n.p.FSRecords - using OVER_MMAPPED_FILE storage for VFS records
2025-12-26 21:59:27,738 [   9776]   INFO - #c.i.o.v.n.p.PersistentFSConnector - VFS: impl (expected) version=576319, 0 file records, 0 content blobs
2025-12-26 21:59:27,771 [   9809]   INFO - #c.i.o.v.n.p.PersistentFSConnector - 7 ms to self-checks, load free records and inverted name index
2025-12-26 21:59:27,956 [   9994]   INFO - #c.i.o.v.i.l.NativeFileWatcherImpl - Native file watcher is disabled
2025-12-26 21:59:28,092 [  10130]   INFO - #com.android.tools.idea.serverflags.ServerFlagInitializer - Enabled server flags: 
2025-12-26 21:59:28,565 [  10603]   INFO - #c.i.u.EnvironmentUtil - shell environment loaded (33 vars)
2025-12-26 21:59:29,240 [  11278]   INFO - #c.i.u.EnvironmentUtil - LC_CTYPE=en_GB.UTF-8
2025-12-26 21:59:30,208 [  12246]   INFO - #c.i.o.v.n.p.PersistentFSImpl - VFS dispose started
2025-12-26 21:59:30,228 [  12266]   INFO - #c.i.o.v.n.p.FSRecords - VFS health-check disabled
2025-12-26 21:59:30,246 [  12284]   INFO - #c.i.o.v.n.p.PersistentFSImpl - VFS dispose completed in 38ms.
2025-12-26 21:59:30,289 [  12327] SEVERE - #c.i.u.i.IndexDataInitializer - Index data initialization failed
com.intellij.serviceContainer.AlreadyDisposedException: VFS is already disposed
	at com.intellij.openapi.vfs.newvfs.persistent.FSRecords.alreadyDisposed(FSRecords.java:514)
	at com.intellij.openapi.vfs.newvfs.persistent.FSRecords.implOrFail(FSRecords.java:106)
	at com.intellij.openapi.vfs.newvfs.persistent.FSRecords.getCreationTimestamp(FSRecords.java:120)
	at com.intellij.openapi.vfs.newvfs.persistent.PersistentFSImpl.getCreationTimestamp(PersistentFSImpl.java:212)
	at com.intellij.util.indexing.FileBasedIndexDataInitialization.initAssociatedDataForExtensions(FileBasedIndexDataInitialization.java:72)
	at com.intellij.util.indexing.FileBasedIndexDataInitialization.prepareTasks(FileBasedIndexDataInitialization.java:131)
	at com.intellij.util.indexing.IndexDataInitializer.call(IndexDataInitializer.kt:21)
	at com.intellij.util.indexing.IndexDataInitializer$Companion$submitGenesisTask$1.invokeSuspend(IndexDataInitializer.kt:50)
	at kotlin.coroutines.jvm.internal.BaseContinuationImpl.resumeWith(ContinuationImpl.kt:33)
	at kotlinx.coroutines.DispatchedTask.run(DispatchedTask.kt:106)
	at kotlinx.coroutines.internal.LimitedDispatcher$Worker.run(LimitedDispatcher.kt:115)
	at kotlinx.coroutines.scheduling.TaskImpl.run(Tasks.kt:100)
	at kotlinx.coroutines.scheduling.CoroutineScheduler.runSafely(CoroutineScheduler.kt:584)
	at kotlinx.coroutines.scheduling.CoroutineScheduler$Worker.executeTask(CoroutineScheduler.kt:793)
	at kotlinx.coroutines.scheduling.CoroutineScheduler$Worker.runWorker(CoroutineScheduler.kt:697)
	at kotlinx.coroutines.scheduling.CoroutineScheduler$Worker.run(CoroutineScheduler.kt:684)
	Suppressed: java.lang.Exception: VFS dispose stacktrace
		at com.intellij.openapi.vfs.newvfs.persistent.FSRecords.dispose(FSRecords.java:98)
		at com.intellij.openapi.vfs.newvfs.persistent.PersistentFSImpl.disconnect(PersistentFSImpl.java:160)
		at com.intellij.openapi.util.ShutDownTracker.run(ShutDownTracker.java:42)
		at com.intellij.openapi.util.ShutDownTracker.lambda$new$0(ShutDownTracker.java:19)
		at java.base/java.lang.Thread.run(Thread.java:840)
2025-12-26 21:59:30,299 [  12337] SEVERE - #c.i.u.i.IndexDataInitializer - IntelliJ IDEA 2023.2.1  Build #IC-232.9559.62
2025-12-26 21:59:30,308 [  12346] SEVERE - #c.i.u.i.IndexDataInitializer - JDK: 17.0.16; VM: OpenJDK 64-Bit Server VM; Vendor: Microsoft
2025-12-26 21:59:30,320 [  12358] SEVERE - #c.i.u.i.IndexDataInitializer - OS: Mac OS X
2025-12-26 21:59:30,640 [  12678]   INFO - #c.j.r.p.c.p.w.s.WireStorage - Start Wire Storage check: Check Wire Buffer Size
2025-12-26 21:59:31,253 [  13291]   INFO - #c.i.o.a.Experiments - Experimental features enabled for user: wsl.p9.support, wsl.prefer.p9.support, wsl.p9.show.roots.in.file.chooser, wsl.execute.with.wsl.exe, linux.native.menu, recent.and.edited.files.together, show.create.new.element.in.popup, search.everywhere.mixed.results, new.project.wizard, editor.reader.mode, new.large.text.file.viewer, terminal.shell.command.handling
2025-12-26 21:59:34,379 [  16417]   INFO - #c.i.i.AppStarter - ------------------------------------------------------ IDE SHUTDOWN ------------------------------------------------------
